[00:01:17] INFO: Starting new training session...
[00:01:21] INFO: Hyperparameters: Epochs=5, Batch Size=128, LR=0.005
[00:01:21] INFO: Initializing architecture: 784 -> 128 -> 64 -> 10
[00:01:21] INFO: Commencing training loop...
[00:01:24] INFO: Epoch 01/5 | Loss: 0.2707 | Test Acc: 96.45% | Time: 2.7s
[00:01:26] INFO: Epoch 02/5 | Loss: 0.1111 | Test Acc: 97.29% | Time: 2.5s
[00:01:29] INFO: Epoch 03/5 | Loss: 0.0801 | Test Acc: 97.29% | Time: 2.3s
[00:01:31] INFO: Epoch 04/5 | Loss: 0.0649 | Test Acc: 96.96% | Time: 2.4s
[00:01:33] INFO: Epoch 05/5 | Loss: 0.0542 | Test Acc: 97.38% | Time: 2.4s
[00:01:33] INFO: Training complete. Exporting weights...
[00:01:33] INFO: Weights saved to models/mnist_mlp.npz. Session concluded.
[00:11:38] INFO: Starting new training session...
[00:11:42] INFO: Hyperparameters: Epochs=5, Batch Size=128, LR=0.005
[00:11:42] INFO: Initializing architecture: 784 -> 128 -> 64 -> 10
[00:11:42] INFO: Commencing training loop...
[00:11:45] INFO: Epoch 01/5 | Loss: 0.2594 | Test Acc: 94.78% | Time: 2.6s
[00:11:47] INFO: Epoch 02/5 | Loss: 0.1078 | Test Acc: 97.08% | Time: 2.5s
[00:11:49] INFO: Epoch 03/5 | Loss: 0.0772 | Test Acc: 96.66% | Time: 2.3s
[00:11:52] INFO: Epoch 04/5 | Loss: 0.0665 | Test Acc: 97.45% | Time: 2.3s
[00:11:54] INFO: Epoch 05/5 | Loss: 0.0534 | Test Acc: 96.92% | Time: 2.3s
[00:11:54] INFO: Training complete. Exporting weights...
[00:11:54] INFO: Weights saved to models/mnist_mlp.npz. Session concluded.
[00:21:34] INFO: Starting new training session...
[00:21:38] INFO: Hyperparameters: Epochs=5, Batch Size=128, LR=0.005
[00:21:38] INFO: Initializing architecture: 784 -> 128 -> 64 -> 10
[00:21:38] INFO: Commencing training loop...
[00:21:41] INFO: Epoch 01/5 | Loss: 0.2669 | Test Acc: 95.61% | Time: 2.6s
[00:21:43] INFO: Epoch 02/5 | Loss: 0.1085 | Test Acc: 96.87% | Time: 2.5s
[00:21:45] INFO: Epoch 03/5 | Loss: 0.0788 | Test Acc: 97.25% | Time: 2.3s
[00:21:48] INFO: Epoch 04/5 | Loss: 0.0652 | Test Acc: 97.13% | Time: 2.3s
[00:21:50] INFO: Epoch 05/5 | Loss: 0.0548 | Test Acc: 97.13% | Time: 2.3s
[00:21:50] INFO: Training complete. Exporting weights...
[00:21:50] INFO: Weights saved to models/mnist_mlp.npz. Session concluded.
[00:31:09] INFO: Starting new training session...
[00:31:12] INFO: Hyperparameters: Epochs=5, Batch Size=128, LR=0.005
[00:31:12] INFO: Initializing architecture: 784 -> 128 -> 64 -> 10
[00:31:12] INFO: Commencing training loop...
[00:31:15] INFO: Epoch 01/5 | Loss: 0.2735 | Test Acc: 95.82% | Time: 2.6s
[00:31:17] INFO: Epoch 02/5 | Loss: 0.1094 | Test Acc: 96.49% | Time: 2.3s
[00:31:19] INFO: Epoch 03/5 | Loss: 0.0823 | Test Acc: 97.07% | Time: 2.3s
[00:31:22] INFO: Epoch 04/5 | Loss: 0.0636 | Test Acc: 97.10% | Time: 2.3s
[00:31:24] INFO: Epoch 05/5 | Loss: 0.0524 | Test Acc: 97.44% | Time: 2.3s
[00:31:24] INFO: Training complete. Exporting weights...
[00:31:24] INFO: Weights saved to models/mnist_mlp.npz. Session concluded.
